<?xml version="1.0" encoding="UTF-8"?>
<testsuite xmlns:xsi="http://www.w3.org/2001/XMLSchema-instance" xsi:noNamespaceSchemaLocation="https://maven.apache.org/surefire/maven-surefire-plugin/xsd/surefire-test-report-3.0.xsd" version="3.0" name="com.lovablecline.repository.UserRepositoryTest" time="0.051" tests="17" errors="0" skipped="0" failures="0">
  <properties>
[...]
</properties>
  <testcase name="findByEmail_WhenUserDoesNotExist_ReturnsEmpty" classname="com.lovablecline.repository.UserRepositoryTest" time="0.003">
    <system-out><![CDATA[2025-08-25T01:04:23.624-07:00  INFO 33247 --- [           main] t.c.s.AnnotationConfigContextLoaderUtils : Could not detect default configuration classes for test class [com.lovablecline.repository.UserRepositoryTest]: UserRepositoryTest does not declare any static, non-private, non-final, nested classes annotated with @Configuration.
2025-08-25T01:04:23.626-07:00  INFO 33247 --- [           main] .b.t.c.SpringBootTestContextBootstrapper : Found @SpringBootConfiguration com.lovablecline.LovableClineApplication for test class com.lovablecline.repository.UserRepositoryTest
2025-08-25T01:04:23.628-07:00 DEBUG 33247 --- [           main] org.hibernate.SQL                        : 
    insert 
    into
        users
        (created_at, email, is_active, is_anonymous, password, username, id) 
    values
        (?, ?, ?, ?, ?, ?, ?)
Hibernate: 
    insert 
    into
        users
        (created_at, email, is_active, is_anonymous, password, username, id) 
    values
        (?, ?, ?, ?, ?, ?, ?)
2025-08-25T01:04:23.628-07:00 DEBUG 33247 --- [           main] org.hibernate.SQL                        : 
    insert 
    into
        users
        (created_at, email, is_active, is_anonymous, password, username, id) 
    values
        (?, ?, ?, ?, ?, ?, ?)
Hibernate: 
    insert 
    into
        users
        (created_at, email, is_active, is_anonymous, password, username, id) 
    values
        (?, ?, ?, ?, ?, ?, ?)
2025-08-25T01:04:23.628-07:00 DEBUG 33247 --- [           main] org.hibernate.SQL                        : 
    insert 
    into
        users
        (created_at, email, is_active, is_anonymous, password, username, id) 
    values
        (?, ?, ?, ?, ?, ?, ?)
Hibernate: 
    insert 
    into
        users
        (created_at, email, is_active, is_anonymous, password, username, id) 
    values
        (?, ?, ?, ?, ?, ?, ?)
2025-08-25T01:04:23.629-07:00 DEBUG 33247 --- [           main] org.hibernate.SQL                        : 
    select
        u1_0.id,
        u1_0.created_at,
        u1_0.email,
        u1_0.is_active,
        u1_0.is_anonymous,
        u1_0.password,
        u1_0.username 
    from
        users u1_0 
    where
        u1_0.email=?
Hibernate: 
    select
        u1_0.id,
        u1_0.created_at,
        u1_0.email,
        u1_0.is_active,
        u1_0.is_anonymous,
        u1_0.password,
        u1_0.username 
    from
        users u1_0 
    where
        u1_0.email=?
]]></system-out>
  </testcase>
  <testcase name="findExpiredAnonymousUsers_WhenNoExpiredUsers_ReturnsEmptyList" classname="com.lovablecline.repository.UserRepositoryTest" time="0.004">
    <system-out><![CDATA[2025-08-25T01:04:23.631-07:00 DEBUG 33247 --- [           main] org.hibernate.SQL                        : 
    insert 
    into
        users
        (created_at, email, is_active, is_anonymous, password, username, id) 
    values
        (?, ?, ?, ?, ?, ?, ?)
Hibernate: 
    insert 
    into
        users
        (created_at, email, is_active, is_anonymous, password, username, id) 
    values
        (?, ?, ?, ?, ?, ?, ?)
2025-08-25T01:04:23.631-07:00 DEBUG 33247 --- [           main] org.hibernate.SQL                        : 
    insert 
    into
        users
        (created_at, email, is_active, is_anonymous, password, username, id) 
    values
        (?, ?, ?, ?, ?, ?, ?)
Hibernate: 
    insert 
    into
        users
        (created_at, email, is_active, is_anonymous, password, username, id) 
    values
        (?, ?, ?, ?, ?, ?, ?)
2025-08-25T01:04:23.632-07:00 DEBUG 33247 --- [           main] org.hibernate.SQL                        : 
    insert 
    into
        users
        (created_at, email, is_active, is_anonymous, password, username, id) 
    values
        (?, ?, ?, ?, ?, ?, ?)
Hibernate: 
    insert 
    into
        users
        (created_at, email, is_active, is_anonymous, password, username, id) 
    values
        (?, ?, ?, ?, ?, ?, ?)
2025-08-25T01:04:23.634-07:00 DEBUG 33247 --- [           main] org.hibernate.SQL                        : 
    select
        u1_0.id,
        u1_0.created_at,
        u1_0.email,
        u1_0.is_active,
        u1_0.is_anonymous,
        u1_0.password,
        u1_0.username 
    from
        users u1_0 
    where
        u1_0.is_anonymous=true 
        and u1_0.created_at<?
Hibernate: 
    select
        u1_0.id,
        u1_0.created_at,
        u1_0.email,
        u1_0.is_active,
        u1_0.is_anonymous,
        u1_0.password,
        u1_0.username 
    from
        users u1_0 
    where
        u1_0.is_anonymous=true 
        and u1_0.created_at<?
]]></system-out>
  </testcase>
  <testcase name="existsByEmail_WhenEmailDoesNotExist_ReturnsFalse" classname="com.lovablecline.repository.UserRepositoryTest" time="0.002">
    <system-out><![CDATA[2025-08-25T01:04:23.635-07:00 DEBUG 33247 --- [           main] org.hibernate.SQL                        : 
    insert 
    into
        users
        (created_at, email, is_active, is_anonymous, password, username, id) 
    values
        (?, ?, ?, ?, ?, ?, ?)
Hibernate: 
    insert 
    into
        users
        (created_at, email, is_active, is_anonymous, password, username, id) 
    values
        (?, ?, ?, ?, ?, ?, ?)
2025-08-25T01:04:23.636-07:00 DEBUG 33247 --- [           main] org.hibernate.SQL                        : 
    insert 
    into
        users
        (created_at, email, is_active, is_anonymous, password, username, id) 
    values
        (?, ?, ?, ?, ?, ?, ?)
Hibernate: 
    insert 
    into
        users
        (created_at, email, is_active, is_anonymous, password, username, id) 
    values
        (?, ?, ?, ?, ?, ?, ?)
2025-08-25T01:04:23.636-07:00 DEBUG 33247 --- [           main] org.hibernate.SQL                        : 
    insert 
    into
        users
        (created_at, email, is_active, is_anonymous, password, username, id) 
    values
        (?, ?, ?, ?, ?, ?, ?)
Hibernate: 
    insert 
    into
        users
        (created_at, email, is_active, is_anonymous, password, username, id) 
    values
        (?, ?, ?, ?, ?, ?, ?)
2025-08-25T01:04:23.637-07:00 DEBUG 33247 --- [           main] org.hibernate.SQL                        : 
    select
        u1_0.id 
    from
        users u1_0 
    where
        u1_0.email=? 
    fetch
        first ? rows only
Hibernate: 
    select
        u1_0.id 
    from
        users u1_0 
    where
        u1_0.email=? 
    fetch
        first ? rows only
]]></system-out>
  </testcase>
  <testcase name="findExpiredAnonymousUsers_WhenUsersExist_ReturnsExpiredUsers" classname="com.lovablecline.repository.UserRepositoryTest" time="0.002">
    <system-out><![CDATA[2025-08-25T01:04:23.638-07:00 DEBUG 33247 --- [           main] org.hibernate.SQL                        : 
    insert 
    into
        users
        (created_at, email, is_active, is_anonymous, password, username, id) 
    values
        (?, ?, ?, ?, ?, ?, ?)
Hibernate: 
    insert 
    into
        users
        (created_at, email, is_active, is_anonymous, password, username, id) 
    values
        (?, ?, ?, ?, ?, ?, ?)
2025-08-25T01:04:23.638-07:00 DEBUG 33247 --- [           main] org.hibernate.SQL                        : 
    insert 
    into
        users
        (created_at, email, is_active, is_anonymous, password, username, id) 
    values
        (?, ?, ?, ?, ?, ?, ?)
Hibernate: 
    insert 
    into
        users
        (created_at, email, is_active, is_anonymous, password, username, id) 
    values
        (?, ?, ?, ?, ?, ?, ?)
2025-08-25T01:04:23.639-07:00 DEBUG 33247 --- [           main] org.hibernate.SQL                        : 
    insert 
    into
        users
        (created_at, email, is_active, is_anonymous, password, username, id) 
    values
        (?, ?, ?, ?, ?, ?, ?)
Hibernate: 
    insert 
    into
        users
        (created_at, email, is_active, is_anonymous, password, username, id) 
    values
        (?, ?, ?, ?, ?, ?, ?)
2025-08-25T01:04:23.639-07:00 DEBUG 33247 --- [           main] org.hibernate.SQL                        : 
    select
        u1_0.id,
        u1_0.created_at,
        u1_0.email,
        u1_0.is_active,
        u1_0.is_anonymous,
        u1_0.password,
        u1_0.username 
    from
        users u1_0 
    where
        u1_0.is_anonymous=true 
        and u1_0.created_at<?
Hibernate: 
    select
        u1_0.id,
        u1_0.created_at,
        u1_0.email,
        u1_0.is_active,
        u1_0.is_anonymous,
        u1_0.password,
        u1_0.username 
    from
        users u1_0 
    where
        u1_0.is_anonymous=true 
        and u1_0.created_at<?
]]></system-out>
  </testcase>
  <testcase name="existsByUsername_WhenUsernameExists_ReturnsTrue" classname="com.lovablecline.repository.UserRepositoryTest" time="0.003">
    <system-out><![CDATA[2025-08-25T01:04:23.641-07:00 DEBUG 33247 --- [           main] org.hibernate.SQL                        : 
    insert 
    into
        users
        (created_at, email, is_active, is_anonymous, password, username, id) 
    values
        (?, ?, ?, ?, ?, ?, ?)
Hibernate: 
    insert 
    into
        users
        (created_at, email, is_active, is_anonymous, password, username, id) 
    values
        (?, ?, ?, ?, ?, ?, ?)
2025-08-25T01:04:23.641-07:00 DEBUG 33247 --- [           main] org.hibernate.SQL                        : 
    insert 
    into
        users
        (created_at, email, is_active, is_anonymous, password, username, id) 
    values
        (?, ?, ?, ?, ?, ?, ?)
Hibernate: 
    insert 
    into
        users
        (created_at, email, is_active, is_anonymous, password, username, id) 
    values
        (?, ?, ?, ?, ?, ?, ?)
2025-08-25T01:04:23.641-07:00 DEBUG 33247 --- [           main] org.hibernate.SQL                        : 
    insert 
    into
        users
        (created_at, email, is_active, is_anonymous, password, username, id) 
    values
        (?, ?, ?, ?, ?, ?, ?)
Hibernate: 
    insert 
    into
        users
        (created_at, email, is_active, is_anonymous, password, username, id) 
    values
        (?, ?, ?, ?, ?, ?, ?)
2025-08-25T01:04:23.642-07:00 DEBUG 33247 --- [           main] org.hibernate.SQL                        : 
    select
        u1_0.id 
    from
        users u1_0 
    where
        u1_0.username=? 
    fetch
        first ? rows only
Hibernate: 
    select
        u1_0.id 
    from
        users u1_0 
    where
        u1_0.username=? 
    fetch
        first ? rows only
]]></system-out>
  </testcase>
  <testcase name="save_NewUser_SavesSuccessfully" classname="com.lovablecline.repository.UserRepositoryTest" time="0.002">
    <system-out><![CDATA[2025-08-25T01:04:23.644-07:00 DEBUG 33247 --- [           main] org.hibernate.SQL                        : 
    insert 
    into
        users
        (created_at, email, is_active, is_anonymous, password, username, id) 
    values
        (?, ?, ?, ?, ?, ?, ?)
Hibernate: 
    insert 
    into
        users
        (created_at, email, is_active, is_anonymous, password, username, id) 
    values
        (?, ?, ?, ?, ?, ?, ?)
2025-08-25T01:04:23.644-07:00 DEBUG 33247 --- [           main] org.hibernate.SQL                        : 
    insert 
    into
        users
        (created_at, email, is_active, is_anonymous, password, username, id) 
    values
        (?, ?, ?, ?, ?, ?, ?)
Hibernate: 
    insert 
    into
        users
        (created_at, email, is_active, is_anonymous, password, username, id) 
    values
        (?, ?, ?, ?, ?, ?, ?)
2025-08-25T01:04:23.644-07:00 DEBUG 33247 --- [           main] org.hibernate.SQL                        : 
    insert 
    into
        users
        (created_at, email, is_active, is_anonymous, password, username, id) 
    values
        (?, ?, ?, ?, ?, ?, ?)
Hibernate: 
    insert 
    into
        users
        (created_at, email, is_active, is_anonymous, password, username, id) 
    values
        (?, ?, ?, ?, ?, ?, ?)
]]></system-out>
  </testcase>
  <testcase name="findByEmail_WhenUserExists_ReturnsUser" classname="com.lovablecline.repository.UserRepositoryTest" time="0.003">
    <system-out><![CDATA[2025-08-25T01:04:23.646-07:00 DEBUG 33247 --- [           main] org.hibernate.SQL                        : 
    insert 
    into
        users
        (created_at, email, is_active, is_anonymous, password, username, id) 
    values
        (?, ?, ?, ?, ?, ?, ?)
Hibernate: 
    insert 
    into
        users
        (created_at, email, is_active, is_anonymous, password, username, id) 
    values
        (?, ?, ?, ?, ?, ?, ?)
2025-08-25T01:04:23.647-07:00 DEBUG 33247 --- [           main] org.hibernate.SQL                        : 
    insert 
    into
        users
        (created_at, email, is_active, is_anonymous, password, username, id) 
    values
        (?, ?, ?, ?, ?, ?, ?)
Hibernate: 
    insert 
    into
        users
        (created_at, email, is_active, is_anonymous, password, username, id) 
    values
        (?, ?, ?, ?, ?, ?, ?)
2025-08-25T01:04:23.647-07:00 DEBUG 33247 --- [           main] org.hibernate.SQL                        : 
    insert 
    into
        users
        (created_at, email, is_active, is_anonymous, password, username, id) 
    values
        (?, ?, ?, ?, ?, ?, ?)
Hibernate: 
    insert 
    into
        users
        (created_at, email, is_active, is_anonymous, password, username, id) 
    values
        (?, ?, ?, ?, ?, ?, ?)
2025-08-25T01:04:23.647-07:00 DEBUG 33247 --- [           main] org.hibernate.SQL                        : 
    select
        u1_0.id,
        u1_0.created_at,
        u1_0.email,
        u1_0.is_active,
        u1_0.is_anonymous,
        u1_0.password,
        u1_0.username 
    from
        users u1_0 
    where
        u1_0.email=?
Hibernate: 
    select
        u1_0.id,
        u1_0.created_at,
        u1_0.email,
        u1_0.is_active,
        u1_0.is_anonymous,
        u1_0.password,
        u1_0.username 
    from
        users u1_0 
    where
        u1_0.email=?
]]></system-out>
  </testcase>
  <testcase name="findByUsername_WhenUserDoesNotExist_ReturnsEmpty" classname="com.lovablecline.repository.UserRepositoryTest" time="0.003">
    <system-out><![CDATA[2025-08-25T01:04:23.649-07:00 DEBUG 33247 --- [           main] org.hibernate.SQL                        : 
    insert 
    into
        users
        (created_at, email, is_active, is_anonymous, password, username, id) 
    values
        (?, ?, ?, ?, ?, ?, ?)
Hibernate: 
    insert 
    into
        users
        (created_at, email, is_active, is_anonymous, password, username, id) 
    values
        (?, ?, ?, ?, ?, ?, ?)
2025-08-25T01:04:23.650-07:00 DEBUG 33247 --- [           main] org.hibernate.SQL                        : 
    insert 
    into
        users
        (created_at, email, is_active, is_anonymous, password, username, id) 
    values
        (?, ?, ?, ?, ?, ?, ?)
Hibernate: 
    insert 
    into
        users
        (created_at, email, is_active, is_anonymous, password, username, id) 
    values
        (?, ?, ?, ?, ?, ?, ?)
2025-08-25T01:04:23.650-07:00 DEBUG 33247 --- [           main] org.hibernate.SQL                        : 
    insert 
    into
        users
        (created_at, email, is_active, is_anonymous, password, username, id) 
    values
        (?, ?, ?, ?, ?, ?, ?)
Hibernate: 
    insert 
    into
        users
        (created_at, email, is_active, is_anonymous, password, username, id) 
    values
        (?, ?, ?, ?, ?, ?, ?)
2025-08-25T01:04:23.651-07:00 DEBUG 33247 --- [           main] org.hibernate.SQL                        : 
    select
        u1_0.id,
        u1_0.created_at,
        u1_0.email,
        u1_0.is_active,
        u1_0.is_anonymous,
        u1_0.password,
        u1_0.username 
    from
        users u1_0 
    where
        u1_0.username=?
Hibernate: 
    select
        u1_0.id,
        u1_0.created_at,
        u1_0.email,
        u1_0.is_active,
        u1_0.is_anonymous,
        u1_0.password,
        u1_0.username 
    from
        users u1_0 
    where
        u1_0.username=?
]]></system-out>
  </testcase>
  <testcase name="findByIsAnonymous_WhenNonAnonymousUsersExist_ReturnsNonAnonymousUsers" classname="com.lovablecline.repository.UserRepositoryTest" time="0.003">
    <system-out><![CDATA[2025-08-25T01:04:23.653-07:00 DEBUG 33247 --- [           main] org.hibernate.SQL                        : 
    insert 
    into
        users
        (created_at, email, is_active, is_anonymous, password, username, id) 
    values
        (?, ?, ?, ?, ?, ?, ?)
Hibernate: 
    insert 
    into
        users
        (created_at, email, is_active, is_anonymous, password, username, id) 
    values
        (?, ?, ?, ?, ?, ?, ?)
2025-08-25T01:04:23.653-07:00 DEBUG 33247 --- [           main] org.hibernate.SQL                        : 
    insert 
    into
        users
        (created_at, email, is_active, is_anonymous, password, username, id) 
    values
        (?, ?, ?, ?, ?, ?, ?)
Hibernate: 
    insert 
    into
        users
        (created_at, email, is_active, is_anonymous, password, username, id) 
    values
        (?, ?, ?, ?, ?, ?, ?)
2025-08-25T01:04:23.653-07:00 DEBUG 33247 --- [           main] org.hibernate.SQL                        : 
    insert 
    into
        users
        (created_at, email, is_active, is_anonymous, password, username, id) 
    values
        (?, ?, ?, ?, ?, ?, ?)
Hibernate: 
    insert 
    into
        users
        (created_at, email, is_active, is_anonymous, password, username, id) 
    values
        (?, ?, ?, ?, ?, ?, ?)
2025-08-25T01:04:23.654-07:00 DEBUG 33247 --- [           main] org.hibernate.SQL                        : 
    select
        u1_0.id,
        u1_0.created_at,
        u1_0.email,
        u1_0.is_active,
        u1_0.is_anonymous,
        u1_0.password,
        u1_0.username 
    from
        users u1_0 
    where
        u1_0.is_anonymous=?
Hibernate: 
    select
        u1_0.id,
        u1_0.created_at,
        u1_0.email,
        u1_0.is_active,
        u1_0.is_anonymous,
        u1_0.password,
        u1_0.username 
    from
        users u1_0 
    where
        u1_0.is_anonymous=?
]]></system-out>
  </testcase>
  <testcase name="findById_WhenUserExists_ReturnsUser" classname="com.lovablecline.repository.UserRepositoryTest" time="0.001">
    <system-out><![CDATA[2025-08-25T01:04:23.655-07:00 DEBUG 33247 --- [           main] org.hibernate.SQL                        : 
    insert 
    into
        users
        (created_at, email, is_active, is_anonymous, password, username, id) 
    values
        (?, ?, ?, ?, ?, ?, ?)
Hibernate: 
    insert 
    into
        users
        (created_at, email, is_active, is_anonymous, password, username, id) 
    values
        (?, ?, ?, ?, ?, ?, ?)
2025-08-25T01:04:23.656-07:00 DEBUG 33247 --- [           main] org.hibernate.SQL                        : 
    insert 
    into
        users
        (created_at, email, is_active, is_anonymous, password, username, id) 
    values
        (?, ?, ?, ?, ?, ?, ?)
Hibernate: 
    insert 
    into
        users
        (created_at, email, is_active, is_anonymous, password, username, id) 
    values
        (?, ?, ?, ?, ?, ?, ?)
2025-08-25T01:04:23.656-07:00 DEBUG 33247 --- [           main] org.hibernate.SQL                        : 
    insert 
    into
        users
        (created_at, email, is_active, is_anonymous, password, username, id) 
    values
        (?, ?, ?, ?, ?, ?, ?)
Hibernate: 
    insert 
    into
        users
        (created_at, email, is_active, is_anonymous, password, username, id) 
    values
        (?, ?, ?, ?, ?, ?, ?)
]]></system-out>
  </testcase>
  <testcase name="delete_ExistingUser_RemovesUser" classname="com.lovablecline.repository.UserRepositoryTest" time="0.002">
    <system-out><![CDATA[2025-08-25T01:04:23.658-07:00 DEBUG 33247 --- [           main] org.hibernate.SQL                        : 
    insert 
    into
        users
        (created_at, email, is_active, is_anonymous, password, username, id) 
    values
        (?, ?, ?, ?, ?, ?, ?)
Hibernate: 
    insert 
    into
        users
        (created_at, email, is_active, is_anonymous, password, username, id) 
    values
        (?, ?, ?, ?, ?, ?, ?)
2025-08-25T01:04:23.658-07:00 DEBUG 33247 --- [           main] org.hibernate.SQL                        : 
    insert 
    into
        users
        (created_at, email, is_active, is_anonymous, password, username, id) 
    values
        (?, ?, ?, ?, ?, ?, ?)
Hibernate: 
    insert 
    into
        users
        (created_at, email, is_active, is_anonymous, password, username, id) 
    values
        (?, ?, ?, ?, ?, ?, ?)
2025-08-25T01:04:23.658-07:00 DEBUG 33247 --- [           main] org.hibernate.SQL                        : 
    insert 
    into
        users
        (created_at, email, is_active, is_anonymous, password, username, id) 
    values
        (?, ?, ?, ?, ?, ?, ?)
Hibernate: 
    insert 
    into
        users
        (created_at, email, is_active, is_anonymous, password, username, id) 
    values
        (?, ?, ?, ?, ?, ?, ?)
2025-08-25T01:04:23.658-07:00 DEBUG 33247 --- [           main] org.hibernate.SQL                        : 
    delete 
    from
        users 
    where
        id=?
Hibernate: 
    delete 
    from
        users 
    where
        id=?
2025-08-25T01:04:23.659-07:00 DEBUG 33247 --- [           main] org.hibernate.SQL                        : 
    select
        u1_0.id,
        u1_0.created_at,
        u1_0.email,
        u1_0.is_active,
        u1_0.is_anonymous,
        u1_0.password,
        u1_0.username 
    from
        users u1_0 
    where
        u1_0.id=?
Hibernate: 
    select
        u1_0.id,
        u1_0.created_at,
        u1_0.email,
        u1_0.is_active,
        u1_0.is_anonymous,
        u1_0.password,
        u1_0.username 
    from
        users u1_0 
    where
        u1_0.id=?
]]></system-out>
  </testcase>
  <testcase name="findByUsername_WhenUserExists_ReturnsUser" classname="com.lovablecline.repository.UserRepositoryTest" time="0.002">
    <system-out><![CDATA[2025-08-25T01:04:23.660-07:00 DEBUG 33247 --- [           main] org.hibernate.SQL                        : 
    insert 
    into
        users
        (created_at, email, is_active, is_anonymous, password, username, id) 
    values
        (?, ?, ?, ?, ?, ?, ?)
Hibernate: 
    insert 
    into
        users
        (created_at, email, is_active, is_anonymous, password, username, id) 
    values
        (?, ?, ?, ?, ?, ?, ?)
2025-08-25T01:04:23.660-07:00 DEBUG 33247 --- [           main] org.hibernate.SQL                        : 
    insert 
    into
        users
        (created_at, email, is_active, is_anonymous, password, username, id) 
    values
        (?, ?, ?, ?, ?, ?, ?)
Hibernate: 
    insert 
    into
        users
        (created_at, email, is_active, is_anonymous, password, username, id) 
    values
        (?, ?, ?, ?, ?, ?, ?)
2025-08-25T01:04:23.660-07:00 DEBUG 33247 --- [           main] org.hibernate.SQL                        : 
    insert 
    into
        users
        (created_at, email, is_active, is_anonymous, password, username, id) 
    values
        (?, ?, ?, ?, ?, ?, ?)
Hibernate: 
    insert 
    into
        users
        (created_at, email, is_active, is_anonymous, password, username, id) 
    values
        (?, ?, ?, ?, ?, ?, ?)
2025-08-25T01:04:23.661-07:00 DEBUG 33247 --- [           main] org.hibernate.SQL                        : 
    select
        u1_0.id,
        u1_0.created_at,
        u1_0.email,
        u1_0.is_active,
        u1_0.is_anonymous,
        u1_0.password,
        u1_0.username 
    from
        users u1_0 
    where
        u1_0.username=?
Hibernate: 
    select
        u1_0.id,
        u1_0.created_at,
        u1_0.email,
        u1_0.is_active,
        u1_0.is_anonymous,
        u1_0.password,
        u1_0.username 
    from
        users u1_0 
    where
        u1_0.username=?
]]></system-out>
  </testcase>
  <testcase name="findByIsAnonymous_WhenAnonymousUsersExist_ReturnsAnonymousUsers" classname="com.lovablecline.repository.UserRepositoryTest" time="0.002">
    <system-out><![CDATA[2025-08-25T01:04:23.662-07:00 DEBUG 33247 --- [           main] org.hibernate.SQL                        : 
    insert 
    into
        users
        (created_at, email, is_active, is_anonymous, password, username, id) 
    values
        (?, ?, ?, ?, ?, ?, ?)
Hibernate: 
    insert 
    into
        users
        (created_at, email, is_active, is_anonymous, password, username, id) 
    values
        (?, ?, ?, ?, ?, ?, ?)
2025-08-25T01:04:23.663-07:00 DEBUG 33247 --- [           main] org.hibernate.SQL                        : 
    insert 
    into
        users
        (created_at, email, is_active, is_anonymous, password, username, id) 
    values
        (?, ?, ?, ?, ?, ?, ?)
Hibernate: 
    insert 
    into
        users
        (created_at, email, is_active, is_anonymous, password, username, id) 
    values
        (?, ?, ?, ?, ?, ?, ?)
2025-08-25T01:04:23.663-07:00 DEBUG 33247 --- [           main] org.hibernate.SQL                        : 
    insert 
    into
        users
        (created_at, email, is_active, is_anonymous, password, username, id) 
    values
        (?, ?, ?, ?, ?, ?, ?)
Hibernate: 
    insert 
    into
        users
        (created_at, email, is_active, is_anonymous, password, username, id) 
    values
        (?, ?, ?, ?, ?, ?, ?)
2025-08-25T01:04:23.663-07:00 DEBUG 33247 --- [           main] org.hibernate.SQL                        : 
    select
        u1_0.id,
        u1_0.created_at,
        u1_0.email,
        u1_0.is_active,
        u1_0.is_anonymous,
        u1_0.password,
        u1_0.username 
    from
        users u1_0 
    where
        u1_0.is_anonymous=?
Hibernate: 
    select
        u1_0.id,
        u1_0.created_at,
        u1_0.email,
        u1_0.is_active,
        u1_0.is_anonymous,
        u1_0.password,
        u1_0.username 
    from
        users u1_0 
    where
        u1_0.is_anonymous=?
]]></system-out>
  </testcase>
  <testcase name="existsByUsername_WhenUsernameDoesNotExist_ReturnsFalse" classname="com.lovablecline.repository.UserRepositoryTest" time="0.003">
    <system-out><![CDATA[2025-08-25T01:04:23.665-07:00 DEBUG 33247 --- [           main] org.hibernate.SQL                        : 
    insert 
    into
        users
        (created_at, email, is_active, is_anonymous, password, username, id) 
    values
        (?, ?, ?, ?, ?, ?, ?)
Hibernate: 
    insert 
    into
        users
        (created_at, email, is_active, is_anonymous, password, username, id) 
    values
        (?, ?, ?, ?, ?, ?, ?)
2025-08-25T01:04:23.666-07:00 DEBUG 33247 --- [           main] org.hibernate.SQL                        : 
    insert 
    into
        users
        (created_at, email, is_active, is_anonymous, password, username, id) 
    values
        (?, ?, ?, ?, ?, ?, ?)
Hibernate: 
    insert 
    into
        users
        (created_at, email, is_active, is_anonymous, password, username, id) 
    values
        (?, ?, ?, ?, ?, ?, ?)
2025-08-25T01:04:23.666-07:00 DEBUG 33247 --- [           main] org.hibernate.SQL                        : 
    insert 
    into
        users
        (created_at, email, is_active, is_anonymous, password, username, id) 
    values
        (?, ?, ?, ?, ?, ?, ?)
Hibernate: 
    insert 
    into
        users
        (created_at, email, is_active, is_anonymous, password, username, id) 
    values
        (?, ?, ?, ?, ?, ?, ?)
2025-08-25T01:04:23.667-07:00 DEBUG 33247 --- [           main] org.hibernate.SQL                        : 
    select
        u1_0.id 
    from
        users u1_0 
    where
        u1_0.username=? 
    fetch
        first ? rows only
Hibernate: 
    select
        u1_0.id 
    from
        users u1_0 
    where
        u1_0.username=? 
    fetch
        first ? rows only
]]></system-out>
  </testcase>
  <testcase name="findAll_ReturnsAllUsers" classname="com.lovablecline.repository.UserRepositoryTest" time="0.002">
    <system-out><![CDATA[2025-08-25T01:04:23.668-07:00 DEBUG 33247 --- [           main] org.hibernate.SQL                        : 
    insert 
    into
        users
        (created_at, email, is_active, is_anonymous, password, username, id) 
    values
        (?, ?, ?, ?, ?, ?, ?)
Hibernate: 
    insert 
    into
        users
        (created_at, email, is_active, is_anonymous, password, username, id) 
    values
        (?, ?, ?, ?, ?, ?, ?)
2025-08-25T01:04:23.669-07:00 DEBUG 33247 --- [           main] org.hibernate.SQL                        : 
    insert 
    into
        users
        (created_at, email, is_active, is_anonymous, password, username, id) 
    values
        (?, ?, ?, ?, ?, ?, ?)
Hibernate: 
    insert 
    into
        users
        (created_at, email, is_active, is_anonymous, password, username, id) 
    values
        (?, ?, ?, ?, ?, ?, ?)
2025-08-25T01:04:23.669-07:00 DEBUG 33247 --- [           main] org.hibernate.SQL                        : 
    insert 
    into
        users
        (created_at, email, is_active, is_anonymous, password, username, id) 
    values
        (?, ?, ?, ?, ?, ?, ?)
Hibernate: 
    insert 
    into
        users
        (created_at, email, is_active, is_anonymous, password, username, id) 
    values
        (?, ?, ?, ?, ?, ?, ?)
2025-08-25T01:04:23.669-07:00 DEBUG 33247 --- [           main] org.hibernate.SQL                        : 
    select
        u1_0.id,
        u1_0.created_at,
        u1_0.email,
        u1_0.is_active,
        u1_0.is_anonymous,
        u1_0.password,
        u1_0.username 
    from
        users u1_0
Hibernate: 
    select
        u1_0.id,
        u1_0.created_at,
        u1_0.email,
        u1_0.is_active,
        u1_0.is_anonymous,
        u1_0.password,
        u1_0.username 
    from
        users u1_0
]]></system-out>
  </testcase>
  <testcase name="findById_WhenUserDoesNotExist_ReturnsEmpty" classname="com.lovablecline.repository.UserRepositoryTest" time="0.002">
    <system-out><![CDATA[2025-08-25T01:04:23.671-07:00 DEBUG 33247 --- [           main] org.hibernate.SQL                        : 
    insert 
    into
        users
        (created_at, email, is_active, is_anonymous, password, username, id) 
    values
        (?, ?, ?, ?, ?, ?, ?)
Hibernate: 
    insert 
    into
        users
        (created_at, email, is_active, is_anonymous, password, username, id) 
    values
        (?, ?, ?, ?, ?, ?, ?)
2025-08-25T01:04:23.671-07:00 DEBUG 33247 --- [           main] org.hibernate.SQL                        : 
    insert 
    into
        users
        (created_at, email, is_active, is_anonymous, password, username, id) 
    values
        (?, ?, ?, ?, ?, ?, ?)
Hibernate: 
    insert 
    into
        users
        (created_at, email, is_active, is_anonymous, password, username, id) 
    values
        (?, ?, ?, ?, ?, ?, ?)
2025-08-25T01:04:23.671-07:00 DEBUG 33247 --- [           main] org.hibernate.SQL                        : 
    insert 
    into
        users
        (created_at, email, is_active, is_anonymous, password, username, id) 
    values
        (?, ?, ?, ?, ?, ?, ?)
Hibernate: 
    insert 
    into
        users
        (created_at, email, is_active, is_anonymous, password, username, id) 
    values
        (?, ?, ?, ?, ?, ?, ?)
2025-08-25T01:04:23.672-07:00 DEBUG 33247 --- [           main] org.hibernate.SQL                        : 
    select
        u1_0.id,
        u1_0.created_at,
        u1_0.email,
        u1_0.is_active,
        u1_0.is_anonymous,
        u1_0.password,
        u1_0.username 
    from
        users u1_0 
    where
        u1_0.id=?
Hibernate: 
    select
        u1_0.id,
        u1_0.created_at,
        u1_0.email,
        u1_0.is_active,
        u1_0.is_anonymous,
        u1_0.password,
        u1_0.username 
    from
        users u1_0 
    where
        u1_0.id=?
]]></system-out>
  </testcase>
  <testcase name="existsByEmail_WhenEmailExists_ReturnsTrue" classname="com.lovablecline.repository.UserRepositoryTest" time="0.002">
    <system-out><![CDATA[2025-08-25T01:04:23.673-07:00 DEBUG 33247 --- [           main] org.hibernate.SQL                        : 
    insert 
    into
        users
        (created_at, email, is_active, is_anonymous, password, username, id) 
    values
        (?, ?, ?, ?, ?, ?, ?)
Hibernate: 
    insert 
    into
        users
        (created_at, email, is_active, is_anonymous, password, username, id) 
    values
        (?, ?, ?, ?, ?, ?, ?)
2025-08-25T01:04:23.673-07:00 DEBUG 33247 --- [           main] org.hibernate.SQL                        : 
    insert 
    into
        users
        (created_at, email, is_active, is_anonymous, password, username, id) 
    values
        (?, ?, ?, ?, ?, ?, ?)
Hibernate: 
    insert 
    into
        users
        (created_at, email, is_active, is_anonymous, password, username, id) 
    values
        (?, ?, ?, ?, ?, ?, ?)
2025-08-25T01:04:23.673-07:00 DEBUG 33247 --- [           main] org.hibernate.SQL                        : 
    insert 
    into
        users
        (created_at, email, is_active, is_anonymous, password, username, id) 
    values
        (?, ?, ?, ?, ?, ?, ?)
Hibernate: 
    insert 
    into
        users
        (created_at, email, is_active, is_anonymous, password, username, id) 
    values
        (?, ?, ?, ?, ?, ?, ?)
2025-08-25T01:04:23.674-07:00 DEBUG 33247 --- [           main] org.hibernate.SQL                        : 
    select
        u1_0.id 
    from
        users u1_0 
    where
        u1_0.email=? 
    fetch
        first ? rows only
Hibernate: 
    select
        u1_0.id 
    from
        users u1_0 
    where
        u1_0.email=? 
    fetch
        first ? rows only
]]></system-out>
  </testcase>
</testsuite>